Unity Editor version:    2022.3.10f1 (ff3792e53c62)
Branch:                  2022.3/staging
Build type:              Release
Batch mode:              YES
System name:             Linux
Distro version:          #34~22.04.1-Ubuntu SMP PREEMPT_DYNAMIC Thu Sep  7 13:12:03 UTC 2
Kernel version:          6.2.0-34-generic
Architecture:            x86_64
Available memory:        15337 MB
Using pre-set license
Pro License: YES
Desktop is 3840 x 1080 @ 60 Hz
Initialize udev device monitor.

COMMAND LINE ARGUMENTS:
Unity
-adb2
-batchMode
-noUpm
-name
AssetImportWorker2
-projectPath
/home/justinwcola/ROS-Unity
-logFile
Logs/AssetImportWorker2.log
-srvPort
45091
Successfully changed project path to: /home/justinwcola/ROS-Unity
/home/justinwcola/ROS-Unity
[UnityMemory] Configuration Parameters - Can be set up in boot.config
    "memorysetup-bucket-allocator-granularity=16"
    "memorysetup-bucket-allocator-bucket-count=8"
    "memorysetup-bucket-allocator-block-size=33554432"
    "memorysetup-bucket-allocator-block-count=8"
    "memorysetup-main-allocator-block-size=16777216"
    "memorysetup-thread-allocator-block-size=16777216"
    "memorysetup-gfx-main-allocator-block-size=16777216"
    "memorysetup-gfx-thread-allocator-block-size=16777216"
    "memorysetup-cache-allocator-block-size=4194304"
    "memorysetup-typetree-allocator-block-size=2097152"
    "memorysetup-profiler-bucket-allocator-granularity=16"
    "memorysetup-profiler-bucket-allocator-bucket-count=8"
    "memorysetup-profiler-bucket-allocator-block-size=33554432"
    "memorysetup-profiler-bucket-allocator-block-count=8"
    "memorysetup-profiler-allocator-block-size=16777216"
    "memorysetup-profiler-editor-allocator-block-size=1048576"
    "memorysetup-temp-allocator-size-main=16777216"
    "memorysetup-job-temp-allocator-block-size=2097152"
    "memorysetup-job-temp-allocator-block-size-background=1048576"
    "memorysetup-job-temp-allocator-reduction-small-platforms=262144"
    "memorysetup-allocator-temp-initial-block-size-main=262144"
    "memorysetup-allocator-temp-initial-block-size-worker=262144"
    "memorysetup-temp-allocator-size-background-worker=32768"
    "memorysetup-temp-allocator-size-job-worker=262144"
    "memorysetup-temp-allocator-size-preload-manager=33554432"
    "memorysetup-temp-allocator-size-nav-mesh-worker=65536"
    "memorysetup-temp-allocator-size-audio-worker=65536"
    "memorysetup-temp-allocator-size-cloud-worker=32768"
    "memorysetup-temp-allocator-size-gi-baking-worker=262144"
    "memorysetup-temp-allocator-size-gfx=262144"
Player connection [140148338152384] Host "[IP] 192.168.1.100 [Port] 0 [Flags] 2 [Guid] 2222796345 [EditorId] 2222796345 [Version] 1048832 [Id] LinuxEditor(16,192.168.1.100) [Debug] 1 [PackageName] LinuxEditor [ProjectName] Editor" joined multi-casting on [225.0.0.222:54997]...

Player connection [140148338152384] Host "[IP] 192.168.1.100 [Port] 0 [Flags] 2 [Guid] 2222796345 [EditorId] 2222796345 [Version] 1048832 [Id] LinuxEditor(16,192.168.1.100) [Debug] 1 [PackageName] LinuxEditor [ProjectName] Editor" joined alternative multi-casting on [225.0.0.222:34997]...

[Physics::Module] Initialized MultithreadedJobDispatcher with 15 workers.
Refreshing native plugins compatible for Editor in 50.59 ms, found 886 plugins.
Preloading 0 native plugins for Editor in 0.00 ms.
Initialize engine version: 2022.3.10f1 (ff3792e53c62)
[Subsystems] Discovering subsystems at path /home/justinwcola/Unity/Hub/Editor/2022.3.10f1/Editor/Data/Resources/UnitySubsystems
[Subsystems] Discovering subsystems at path /home/justinwcola/ROS-Unity/Assets
GLX Extensions: GLX_ARB_context_flush_control GLX_ARB_create_context GLX_ARB_create_context_no_error GLX_ARB_create_context_profile GLX_ARB_create_context_robustness GLX_ARB_fbconfig_float GLX_ARB_framebuffer_sRGB GLX_ARB_get_proc_address GLX_ARB_multisample GLX_EXT_buffer_age GLX_EXT_create_context_es2_profile GLX_EXT_create_context_es_profile GLX_EXT_fbconfig_packed_float GLX_EXT_framebuffer_sRGB GLX_EXT_no_config_context GLX_EXT_swap_control GLX_EXT_swap_control_tear GLX_EXT_texture_from_pixmap GLX_EXT_visual_info GLX_EXT_visual_rating GLX_INTEL_swap_event GLX_MESA_copy_sub_buffer GLX_MESA_query_renderer GLX_MESA_swap_control GLX_OML_swap_method GLX_OML_sync_control GLX_SGIS_multisample GLX_SGIX_fbconfig GLX_SGIX_pbuffer GLX_SGIX_visual_select_group GLX_SGI_make_current_read GLX_SGI_swap_control GLX_SGI_video_sync 
Renderer: RENOIR (renoir, LLVM 15.0.7, DRM 3.49, 6.2.0-34-generic)
Vendor:   AMD
Version:  4.6 (Core Profile) Mesa 23.0.4-0ubuntu1~22.04.1
GLES:     0
 GL_AMD_conservative_depth GL_AMD_depth_clamp_separate GL_AMD_draw_buffers_blend GL_AMD_framebuffer_multisample_advanced GL_AMD_gpu_shader_int64 GL_AMD_multi_draw_indirect GL_AMD_performance_monitor GL_AMD_pinned_memory GL_AMD_query_buffer_object GL_AMD_seamless_cubemap_per_texture GL_AMD_shader_stencil_export GL_AMD_shader_trinary_minmax GL_AMD_texture_texture4 GL_AMD_vertex_shader_layer GL_AMD_vertex_shader_viewport_index GL_ANGLE_texture_compression_dxt3 GL_ANGLE_texture_compression_dxt5 GL_ARB_ES2_compatibility GL_ARB_ES3_1_compatibility GL_ARB_ES3_2_compatibility GL_ARB_ES3_compatibility GL_ARB_arrays_of_arrays GL_ARB_base_instance GL_ARB_bindless_texture GL_ARB_blend_func_extended GL_ARB_buffer_storage GL_ARB_clear_buffer_object GL_ARB_clear_texture GL_ARB_clip_control GL_ARB_color_buffer_float GL_ARB_compressed_texture_pixel_storage GL_ARB_compute_shader GL_ARB_compute_variable_group_size GL_ARB_conditional_render_inverted GL_ARB_conservative_depth GL_ARB_copy_buffer GL_ARB_copy_image GL_ARB_cull_dist
ance GL_ARB_debug_output GL_ARB_depth_buffer_float GL_ARB_depth_clamp GL_ARB_derivative_control GL_ARB_direct_state_access GL_ARB_draw_buffers GL_ARB_draw_buffers_blend GL_ARB_draw_elements_base_vertex GL_ARB_draw_indirect GL_ARB_draw_instanced GL_ARB_enhanced_layouts GL_ARB_explicit_attrib_location GL_ARB_explicit_uniform_location GL_ARB_fragment_coord_conventions GL_ARB_fragment_layer_viewport GL_ARB_fragment_shader GL_ARB_framebuffer_no_attachments GL_ARB_framebuffer_object GL_ARB_framebuffer_sRGB GL_ARB_get_program_binary GL_ARB_get_texture_sub_image GL_ARB_gl_spirv GL_ARB_gpu_shader5 GL_ARB_gpu_shader_fp64 GL_ARB_gpu_shader_int64 GL_ARB_half_float_pixel GL_ARB_half_float_vertex GL_ARB_indirect_parameters GL_ARB_instanced_arrays GL_ARB_internalformat_query GL_ARB_internalformat_query2 GL_ARB_invalidate_subdata GL_ARB_map_buffer_alignment GL_ARB_map_buffer_range GL_ARB_multi_bind GL_ARB_multi_draw_indirect GL_ARB_occlusion_query2 GL_ARB_parallel_shader_compile GL_ARB_pipeline_statistics_query GL_ARB_pixel
_buffer_object GL_ARB_point_sprite GL_ARB_polygon_offset_clamp GL_ARB_program_interface_query GL_ARB_provoking_vertex GL_ARB_query_buffer_object GL_ARB_robust_buffer_access_behavior GL_ARB_robustness GL_ARB_sample_shading GL_ARB_sampler_objects GL_ARB_seamless_cube_map GL_ARB_seamless_cubemap_per_texture GL_ARB_separate_shader_objects GL_ARB_shader_atomic_counter_ops GL_ARB_shader_atomic_counters GL_ARB_shader_ballot GL_ARB_shader_bit_encoding GL_ARB_shader_clock GL_ARB_shader_draw_parameters GL_ARB_shader_group_vote GL_ARB_shader_image_load_store GL_ARB_shader_image_size GL_ARB_shader_objects GL_ARB_shader_precision GL_ARB_shader_stencil_export GL_ARB_shader_storage_buffer_object GL_ARB_shader_subroutine GL_ARB_shader_texture_image_samples GL_ARB_shader_texture_lod GL_ARB_shader_viewport_layer_array GL_ARB_shading_language_420pack GL_ARB_shading_language_include GL_ARB_shading_language_packing GL_ARB_sparse_buffer GL_ARB_sparse_texture GL_ARB_sparse_texture2 GL_ARB_sparse_texture_clamp GL_ARB_spirv_extensio
ns GL_ARB_stencil_texturing GL_ARB_sync GL_ARB_tessellation_shader GL_ARB_texture_barrier GL_ARB_texture_buffer_object GL_ARB_texture_buffer_object_rgb32 GL_ARB_texture_buffer_range GL_ARB_texture_compression_bptc GL_ARB_texture_compression_rgtc GL_ARB_texture_cube_map_array GL_ARB_texture_filter_anisotropic GL_ARB_texture_float GL_ARB_texture_gather GL_ARB_texture_mirror_clamp_to_edge GL_ARB_texture_multisample GL_ARB_texture_non_power_of_two GL_ARB_texture_query_levels GL_ARB_texture_query_lod GL_ARB_texture_rectangle GL_ARB_texture_rg GL_ARB_texture_rgb10_a2ui GL_ARB_texture_stencil8 GL_ARB_texture_storage GL_ARB_texture_storage_multisample GL_ARB_texture_swizzle GL_ARB_texture_view GL_ARB_timer_query GL_ARB_transform_feedback2 GL_ARB_transform_feedback3 GL_ARB_transform_feedback_instanced GL_ARB_transform_feedback_overflow_query GL_ARB_uniform_buffer_object GL_ARB_vertex_array_bgra GL_ARB_vertex_array_object GL_ARB_vertex_attrib_64bit GL_ARB_vertex_attrib_binding GL_ARB_vertex_buffer_object GL_ARB_vertex
_shader GL_ARB_vertex_type_10f_11f_11f_rev GL_ARB_vertex_type_2_10_10_10_rev GL_ARB_viewport_array GL_ATI_blend_equation_separate GL_ATI_meminfo GL_ATI_texture_float GL_ATI_texture_mirror_once GL_EXT_EGL_image_storage GL_EXT_EGL_sync GL_EXT_abgr GL_EXT_blend_equation_separate GL_EXT_debug_label GL_EXT_demote_to_helper_invocation GL_EXT_depth_bounds_test GL_EXT_draw_buffers2 GL_EXT_draw_instanced GL_EXT_framebuffer_blit GL_EXT_framebuffer_multisample GL_EXT_framebuffer_multisample_blit_scaled GL_EXT_framebuffer_object GL_EXT_framebuffer_sRGB GL_EXT_memory_object GL_EXT_memory_object_fd GL_EXT_packed_depth_stencil GL_EXT_packed_float GL_EXT_pixel_buffer_object GL_EXT_polygon_offset_clamp GL_EXT_provoking_vertex GL_EXT_semaphore GL_EXT_semaphore_fd GL_EXT_shader_image_load_formatted GL_EXT_shader_image_load_store GL_EXT_shader_integer_mix GL_EXT_shader_samples_identical GL_EXT_texture_array GL_EXT_texture_compression_dxt1 GL_EXT_texture_compression_rgtc GL_EXT_texture_compression_s3tc GL_EXT_texture_filter_anis
otropic GL_EXT_texture_integer GL_EXT_texture_mirror_clamp GL_EXT_texture_sRGB GL_EXT_texture_sRGB_R8 GL_EXT_texture_sRGB_decode GL_EXT_texture_shadow_lod GL_EXT_texture_shared_exponent GL_EXT_texture_snorm GL_EXT_texture_swizzle GL_EXT_timer_query GL_EXT_transform_feedback GL_EXT_vertex_array_bgra GL_EXT_vertex_attrib_64bit GL_EXT_window_rectangles GL_IBM_multimode_draw_arrays GL_INTEL_blackhole_render GL_KHR_blend_equation_advanced GL_KHR_context_flush_control GL_KHR_debug GL_KHR_no_error GL_KHR_parallel_shader_compile GL_KHR_robust_buffer_access_behavior GL_KHR_robustness GL_KHR_texture_compression_astc_ldr GL_KHR_texture_compression_astc_sliced_3d GL_MESA_framebuffer_flip_y GL_MESA_pack_invert GL_MESA_shader_integer_functions GL_MESA_texture_signed_rgba GL_NVX_gpu_memory_info GL_NV_alpha_to_coverage_dither_control GL_NV_compute_shader_derivatives GL_NV_conditional_render GL_NV_copy_image GL_NV_depth_clamp GL_NV_packed_depth_stencil GL_NV_shader_atomic_int64 GL_NV_texture_barrier GL_NV_vdpau_interop GL_OE
S_EGL_image GL_S3_s3tc
OPENGL LOG: Creating OpenGL 4.6 graphics device ; Context level  <OpenGL 4.5> ; Context handle 1129473824
Initialize mono
Mono path[0] = '/home/justinwcola/Unity/Hub/Editor/2022.3.10f1/Editor/Data/Managed'
Mono path[1] = '/home/justinwcola/Unity/Hub/Editor/2022.3.10f1/Editor/Data/MonoBleedingEdge/lib/mono/unityjit-linux'
Mono config path = '/home/justinwcola/Unity/Hub/Editor/2022.3.10f1/Editor/Data/MonoBleedingEdge/etc'
Using monoOptions --debugger-agent=transport=dt_socket,embedding=1,server=y,suspend=n,address=127.0.0.1:56765
Begin MonoManager ReloadAssembly
Registering precompiled unity dll's ...
Register platform support module: /home/justinwcola/Unity/Hub/Editor/2022.3.10f1/Editor/Data/PlaybackEngines/WebGLSupport/UnityEditor.WebGL.Extensions.dll
Register platform support module: /home/justinwcola/Unity/Hub/Editor/2022.3.10f1/Editor/Data/PlaybackEngines/LinuxStandaloneSupport/UnityEditor.LinuxStandalone.Extensions.dll
Registered in 0.010383 seconds.
- Loaded All Assemblies, in  0.394 seconds
Native extension for LinuxStandalone target not found
Native extension for WebGL target not found
Mono: successfully reloaded assembly
- Finished resetting the current domain, in  0.419 seconds
Domain Reload Profiling: 812ms
	BeginReloadAssembly (99ms)
		ExecutionOrderSort (0ms)
		DisableScriptedObjects (0ms)
		BackupInstance (0ms)
		ReleaseScriptingObjects (0ms)
		CreateAndSetChildDomain (1ms)
	RebuildCommonClasses (39ms)
	RebuildNativeTypeToScriptingClass (8ms)
	initialDomainReloadingComplete (88ms)
	LoadAllAssembliesAndSetupDomain (160ms)
		LoadAssemblies (98ms)
		RebuildTransferFunctionScriptingTraits (0ms)
		AnalyzeDomain (157ms)
			TypeCache.Refresh (155ms)
				TypeCache.ScanAssembly (142ms)
			ScanForSourceGeneratedMonoScriptInfo (0ms)
			ResolveRequiredComponents (1ms)
	FinalizeReload (419ms)
		ReleaseScriptCaches (0ms)
		RebuildScriptCaches (0ms)
		SetupLoadedEditorAssemblies (330ms)
			LogAssemblyErrors (0ms)
			InitializePlatformSupportModulesInManaged (20ms)
			SetLoadedEditorAssemblies (11ms)
			RefreshPlugins (0ms)
			BeforeProcessingInitializeOnLoad (5ms)
			ProcessInitializeOnLoadAttributes (210ms)
			ProcessInitializeOnLoadMethodAttributes (84ms)
			AfterProcessingInitializeOnLoad (0ms)
			EditorAssembliesLoaded (0ms)
		ExecutionOrderSort2 (0ms)
		AwakeInstancesAfterBackupRestoration (0ms)
========================================================================
Worker process is ready to serve import requests
Begin MonoManager ReloadAssembly
Symbol file LoadedFromMemory is not a mono symbol file
- Loaded All Assemblies, in  0.866 seconds
Refreshing native plugins compatible for Editor in 45.74 ms, found 886 plugins.
Native extension for LinuxStandalone target not found
Native extension for WebGL target not found
Package Manager log level set to [2]
[Package Manager] Server::EnsureServerProcessIsRunning -- launch failed, reason: Unity was launched with the -noUpm command-line argument
[Package Manager] UpmClient::Send -- Unable to send message (not connected to UPM process).
[Package Manager] Cannot connect to Unity Package Manager local server
Mono: successfully reloaded assembly
- Finished resetting the current domain, in  0.907 seconds
Domain Reload Profiling: 1771ms
	BeginReloadAssembly (186ms)
		ExecutionOrderSort (0ms)
		DisableScriptedObjects (10ms)
		BackupInstance (0ms)
		ReleaseScriptingObjects (0ms)
		CreateAndSetChildDomain (40ms)
	RebuildCommonClasses (37ms)
	RebuildNativeTypeToScriptingClass (8ms)
	initialDomainReloadingComplete (69ms)
	LoadAllAssembliesAndSetupDomain (563ms)
		LoadAssemblies (388ms)
		RebuildTransferFunctionScriptingTraits (0ms)
		AnalyzeDomain (261ms)
			TypeCache.Refresh (220ms)
				TypeCache.ScanAssembly (198ms)
			ScanForSourceGeneratedMonoScriptInfo (33ms)
			ResolveRequiredComponents (6ms)
	FinalizeReload (907ms)
		ReleaseScriptCaches (0ms)
		RebuildScriptCaches (0ms)
		SetupLoadedEditorAssemblies (691ms)
			LogAssemblyErrors (0ms)
			InitializePlatformSupportModulesInManaged (11ms)
			SetLoadedEditorAssemblies (5ms)
			RefreshPlugins (0ms)
			BeforeProcessingInitializeOnLoad (74ms)
			ProcessInitializeOnLoadAttributes (408ms)
			ProcessInitializeOnLoadMethodAttributes (187ms)
			AfterProcessingInitializeOnLoad (6ms)
			EditorAssembliesLoaded (0ms)
		ExecutionOrderSort2 (0ms)
		AwakeInstancesAfterBackupRestoration (6ms)
Launched and connected shader compiler UnityShaderCompiler after 0.05 seconds
Refreshing native plugins compatible for Editor in 48.09 ms, found 886 plugins.
Preloading 0 native plugins for Editor in 0.00 ms.
Unloading 5250 Unused Serialized files (Serialized files now loaded: 0)
Unloading 987 unused Assets / (0.6 MB). Loaded Objects now: 4774.
Memory consumption went from 163.0 MB to 162.5 MB.
Total: 12.281170 ms (FindLiveObjects: 0.558800 ms CreateObjectMapping: 0.520597 ms MarkObjects: 8.493119 ms  DeleteObjects: 2.699575 ms)

AssetImportParameters requested are different than current active one (requested -> active):
  custom:container-demuxer-ogg: 62fdf1f143b41e24485cea50d1cbac27 -> 
  custom:video-decoder-ogg-theora: a1e56fd34408186e4bbccfd4996cb3dc -> 
  custom:container-demuxer-webm: 4f35f7cbe854078d1ac9338744f61a02 -> 
  custom:container-muxer-webm: aa71ff27fc2769a1b78a27578f13a17b -> 
  custom:video-decoder-webm-vp8: 9c59270c3fd7afecdb556c50c9e8de78 -> 
  custom:AudioImporter_EditorPlatform: 2f0ff77a95e0ac474e3e8eeba4e2f7cb -> 
  custom:video-encoder-webm-vp8: eb34c28f22e8b96e1ab97ce403110664 -> 
  custom:audio-decoder-ogg-vorbis: bf7c407c2cedff20999df2af8eb42d56 -> 
  custom:audio-encoder-webm-vorbis: bf7c407c2cedff20999df2af8eb42d56 -> 
========================================================================
Received Import Request.
  Time since last request: 11637.151621 seconds.
  path: Assets/Models/Outpost.fbx
  artifactKey: Guid(7a9119102b4885646bf801779d6ee5fe) Importer(815301076,1909f56bfc062723c751e8b465ee728b)
Start importing Assets/Models/Outpost.fbx using Guid(7a9119102b4885646bf801779d6ee5fe) Importer(815301076,1909f56bfc062723c751e8b465ee728b)  -> (artifact id: 'b3af94858da4f08f332174782080ce0e') in 0.168038 seconds
Number of updated asset objects reloaded before import = 0
Number of asset objects unloaded after import = 17
========================================================================
Received Import Request.
  Time since last request: 0.000056 seconds.
  path: Assets/Models/Road Left Light.fbx
  artifactKey: Guid(2b9651a43e498864ea8f5bcc0605f93a) Importer(815301076,1909f56bfc062723c751e8b465ee728b)
Start importing Assets/Models/Road Left Light.fbx using Guid(2b9651a43e498864ea8f5bcc0605f93a) Importer(815301076,1909f56bfc062723c751e8b465ee728b)  -> (artifact id: 'd39b8acdc76e89535d88bbede0b86faa') in 0.011088 seconds
Number of updated asset objects reloaded before import = 0
Number of asset objects unloaded after import = 7
========================================================================
Received Import Request.
  Time since last request: 0.000020 seconds.
  path: Assets/Models/Base.fbx
  artifactKey: Guid(3c551257ebfd44847827e959166993eb) Importer(815301076,1909f56bfc062723c751e8b465ee728b)
Start importing Assets/Models/Base.fbx using Guid(3c551257ebfd44847827e959166993eb) Importer(815301076,1909f56bfc062723c751e8b465ee728b)  -> (artifact id: 'd68dd4a7466772920812051b557f4239') in 0.066766 seconds
Number of updated asset objects reloaded before import = 0
Number of asset objects unloaded after import = 42
========================================================================
Received Import Request.
  Time since last request: 0.000018 seconds.
  path: Assets/Models/Trapezoidal Highland 4 Light.fbx
  artifactKey: Guid(711817857b9f0b64dba8a94914587702) Importer(815301076,1909f56bfc062723c751e8b465ee728b)
Start importing Assets/Models/Trapezoidal Highland 4 Light.fbx using Guid(711817857b9f0b64dba8a94914587702) Importer(815301076,1909f56bfc062723c751e8b465ee728b)  -> (artifact id: '1195b4080bbf6a0bdcdf4caab863a612') in 0.011188 seconds
Number of updated asset objects reloaded before import = 0
Number of asset objects unloaded after import = 7
========================================================================
Received Import Request.
  Time since last request: 0.000019 seconds.
  path: Assets/Models/TopArmor.fbx
  artifactKey: Guid(2aa18018483c30b42a553c77728153d5) Importer(815301076,1909f56bfc062723c751e8b465ee728b)
Start importing Assets/Models/TopArmor.fbx using Guid(2aa18018483c30b42a553c77728153d5) Importer(815301076,1909f56bfc062723c751e8b465ee728b)  -> (artifact id: 'd04c8458f28023ecce0f9209bcf87248') in 0.037955 seconds
Number of updated asset objects reloaded before import = 0
Number of asset objects unloaded after import = 21
========================================================================
Received Import Request.
  Time since last request: 0.000028 seconds.
  path: Assets/Models/资源岛灯条.fbx
  artifactKey: Guid(ea43e0c5c83b1e94fa889e264e477f00) Importer(815301076,1909f56bfc062723c751e8b465ee728b)
Start importing Assets/Models/资源岛灯条.fbx using Guid(ea43e0c5c83b1e94fa889e264e477f00) Importer(815301076,1909f56bfc062723c751e8b465ee728b)  -> (artifact id: '4d777f4280182aa2801c062209f9b6ff') in 0.045905 seconds
Number of updated asset objects reloaded before import = 0
Number of asset objects unloaded after import = 8
========================================================================
Received Import Request.
  Time since last request: 0.000067 seconds.
  path: Assets/Models/SmallArmor.fbx
  artifactKey: Guid(7cffaa8a3db29614084e2b33dafef772) Importer(815301076,1909f56bfc062723c751e8b465ee728b)
Start importing Assets/Models/SmallArmor.fbx using Guid(7cffaa8a3db29614084e2b33dafef772) Importer(815301076,1909f56bfc062723c751e8b465ee728b)  -> (artifact id: '5c29ddb7dc04543e2b0ea7164c90b58f') in 0.037275 seconds
Number of updated asset objects reloaded before import = 0
Number of asset objects unloaded after import = 31
========================================================================
Received Import Request.
  Time since last request: 0.000059 seconds.
  path: Assets/Models/SilverOre.fbx
  artifactKey: Guid(193cae6940448024cae8da755b495705) Importer(815301076,1909f56bfc062723c751e8b465ee728b)
Start importing Assets/Models/SilverOre.fbx using Guid(193cae6940448024cae8da755b495705) Importer(815301076,1909f56bfc062723c751e8b465ee728b)  -> (artifact id: '1314b1cd0f1bf7c8adf9a2641c7f4f7a') in 0.031772 seconds
Number of updated asset objects reloaded before import = 0
Number of asset objects unloaded after import = 10
========================================================================
Received Import Request.
  Time since last request: 0.000043 seconds.
  path: Assets/Models/LargeArmor.fbx
  artifactKey: Guid(9053d8df1e67547468c5f7ce078a6cb1) Importer(815301076,1909f56bfc062723c751e8b465ee728b)
Start importing Assets/Models/LargeArmor.fbx using Guid(9053d8df1e67547468c5f7ce078a6cb1) Importer(815301076,1909f56bfc062723c751e8b465ee728b)  -> (artifact id: '91a675de6044375c396f3b2f7d737b7a') in 0.028100 seconds
Number of updated asset objects reloaded before import = 0
Number of asset objects unloaded after import = 31
========================================================================
Received Prepare
Refreshing native plugins compatible for Editor in 43.95 ms, found 886 plugins.
Preloading 0 native plugins for Editor in 0.00 ms.
Unloading 1 Unused Serialized files (Serialized files now loaded: 0)
Unloading 1 unused Assets / (33.0 KB). Loaded Objects now: 4820.
Memory consumption went from 74.8 MB to 74.7 MB.
Total: 9.623709 ms (FindLiveObjects: 0.395022 ms CreateObjectMapping: 0.196743 ms MarkObjects: 8.913703 ms  DeleteObjects: 0.110070 ms)

Prepare: number of updated asset objects reloaded= 0
AssetImportParameters requested are different than current active one (requested -> active):
  custom:container-demuxer-ogg: 62fdf1f143b41e24485cea50d1cbac27 -> 
  custom:video-decoder-ogg-theora: a1e56fd34408186e4bbccfd4996cb3dc -> 
  custom:CustomObjectIndexerAttribute: 306bfa6df2d96854e1ebb52f3ddacab7 -> 
  custom:container-demuxer-webm: 4f35f7cbe854078d1ac9338744f61a02 -> 
  custom:container-muxer-webm: aa71ff27fc2769a1b78a27578f13a17b -> 
  custom:video-decoder-webm-vp8: 9c59270c3fd7afecdb556c50c9e8de78 -> 
  custom:SearchIndexIgnoredProperties: e643bd26f0fe6173181afceb89e7c659 -> 
  custom:AudioImporter_EditorPlatform: 2f0ff77a95e0ac474e3e8eeba4e2f7cb -> 
  custom:video-encoder-webm-vp8: eb34c28f22e8b96e1ab97ce403110664 -> 
  custom:audio-decoder-ogg-vorbis: bf7c407c2cedff20999df2af8eb42d56 -> 
  custom:audio-encoder-webm-vorbis: bf7c407c2cedff20999df2af8eb42d56 -> 
========================================================================
Received Import Request.
  Time since last request: 16.526022 seconds.
  path: Assets/Materials/Mesh.mat
  artifactKey: Guid(2a096de97dc3deb489af1234673e32fe) Importer(815301076,1909f56bfc062723c751e8b465ee728b)
Start importing Assets/Materials/Mesh.mat using Guid(2a096de97dc3deb489af1234673e32fe) Importer(815301076,1909f56bfc062723c751e8b465ee728b)  -> (artifact id: '66b8520da9e2e161c8ee2365e5c21847') in 0.015119 seconds
Number of updated asset objects reloaded before import = 0
Number of asset objects unloaded after import = 1
========================================================================
Received Import Request.
  Time since last request: 15.826777 seconds.
  path: Assets/Models/ground 1.fbx
  artifactKey: Guid(07ef9dc2f85f9b0e6acd55ddfe5952bf) Importer(815301076,1909f56bfc062723c751e8b465ee728b)
Start importing Assets/Models/ground 1.fbx using Guid(07ef9dc2f85f9b0e6acd55ddfe5952bf) Importer(815301076,1909f56bfc062723c751e8b465ee728b)  -> (artifact id: 'c80bb2f0e1da0ce7fcbec0dfc0380734') in 0.025798 seconds
Number of updated asset objects reloaded before import = 0
Number of asset objects unloaded after import = 13
========================================================================
Received Import Request.
  Time since last request: 19.879761 seconds.
  path: Assets/Materials/Helipad/Helipad Light.fbx
  artifactKey: Guid(5f1be94f1373f1e498221a9925e6a373) Importer(815301076,1909f56bfc062723c751e8b465ee728b)
Start importing Assets/Materials/Helipad/Helipad Light.fbx using Guid(5f1be94f1373f1e498221a9925e6a373) Importer(815301076,1909f56bfc062723c751e8b465ee728b)  -> (artifact id: '81d1f79e9dba6d7677b0bea5ebbc22ba') in 0.014706 seconds
Number of updated asset objects reloaded before import = 0
Number of asset objects unloaded after import = 7
========================================================================
Received Import Request.
  Time since last request: 37.542576 seconds.
  path: Assets/Models/ground.fbx
  artifactKey: Guid(c89f268ae50f0fffdaa3e4c8c090669c) Importer(815301076,1909f56bfc062723c751e8b465ee728b)
Start importing Assets/Models/ground.fbx using Guid(c89f268ae50f0fffdaa3e4c8c090669c) Importer(815301076,1909f56bfc062723c751e8b465ee728b)  -> (artifact id: 'b734397fbe70b8bc0b370a8ac59d8bde') in 0.035364 seconds
Number of updated asset objects reloaded before import = 0
Number of asset objects unloaded after import = 13
========================================================================
Received Import Request.
  Time since last request: 4.693643 seconds.
  path: Assets/Ground.fbx
  artifactKey: Guid(b12b86b0701edc83590bf4e072774d6e) Importer(815301076,1909f56bfc062723c751e8b465ee728b)
Start importing Assets/Ground.fbx using Guid(b12b86b0701edc83590bf4e072774d6e) Importer(815301076,1909f56bfc062723c751e8b465ee728b)  -> (artifact id: '9ded54ffa4725fde99efdb873792c3fe') in 0.086941 seconds
Number of updated asset objects reloaded before import = 0
Number of asset objects unloaded after import = 56
========================================================================
Received Import Request.
  Time since last request: 67.668575 seconds.
  path: Assets/Scenes
  artifactKey: Guid(cf03cfa9c126e6ebaa8db82e4580cbe3) Importer(815301076,1909f56bfc062723c751e8b465ee728b)
Start importing Assets/Scenes using Guid(cf03cfa9c126e6ebaa8db82e4580cbe3) Importer(815301076,1909f56bfc062723c751e8b465ee728b)  -> (artifact id: '4384ffe448b472cf68f1dda6f146c8df') in 0.000592 seconds
Number of updated asset objects reloaded before import = 0
Number of asset objects unloaded after import = 0
========================================================================
Received Import Request.
  Time since last request: 0.619095 seconds.
  path: Assets/Models
  artifactKey: Guid(089999dfe28e48806bfa18d8bbb4ddc4) Importer(815301076,1909f56bfc062723c751e8b465ee728b)
Start importing Assets/Models using Guid(089999dfe28e48806bfa18d8bbb4ddc4) Importer(815301076,1909f56bfc062723c751e8b465ee728b)  -> (artifact id: '3db46c19ed8101536601527431d84dbd') in 0.000627 seconds
Number of updated asset objects reloaded before import = 0
Number of asset objects unloaded after import = 0
========================================================================
Received Import Request.
  Time since last request: 99.088397 seconds.
  path: Assets/Models/ground.fbx
  artifactKey: Guid(449558420d1361547a23f7fbbfcffd75) Importer(815301076,1909f56bfc062723c751e8b465ee728b)
Start importing Assets/Models/ground.fbx using Guid(449558420d1361547a23f7fbbfcffd75) Importer(815301076,1909f56bfc062723c751e8b465ee728b)  -> (artifact id: '7c036a022139bfd94e11e839e82378a6') in 0.033599 seconds
Number of updated asset objects reloaded before import = 0
Number of asset objects unloaded after import = 13
========================================================================
Received Import Request.
  Time since last request: 10.774684 seconds.
  path: Assets/Ground.fbx
  artifactKey: Guid(6ec7b4e8ed7ac8e4396b4d764e1dbe76) Importer(815301076,1909f56bfc062723c751e8b465ee728b)
Start importing Assets/Ground.fbx using Guid(6ec7b4e8ed7ac8e4396b4d764e1dbe76) Importer(815301076,1909f56bfc062723c751e8b465ee728b)  -> (artifact id: '89c60709fa52303d9db09da6a9defd52') in 0.092749 seconds
Number of updated asset objects reloaded before import = 0
Number of asset objects unloaded after import = 56
========================================================================
Received Import Request.
  Time since last request: 21.037356 seconds.
  path: Assets
  artifactKey: Guid(00000000000000001000000000000000) Importer(815301076,1909f56bfc062723c751e8b465ee728b)
Start importing Assets using Guid(00000000000000001000000000000000) Importer(815301076,1909f56bfc062723c751e8b465ee728b)  -> (artifact id: '8a4fe85251aa2e89732c359432baa2c3') in 0.000580 seconds
Number of updated asset objects reloaded before import = 0
Number of asset objects unloaded after import = 0
========================================================================
Received Import Request.
  Time since last request: 9.867424 seconds.
  path: Assets/Ground.fbx
  artifactKey: Guid(6ec7b4e8ed7ac8e4396b4d764e1dbe76) Importer(815301076,1909f56bfc062723c751e8b465ee728b)
Start importing Assets/Ground.fbx using Guid(6ec7b4e8ed7ac8e4396b4d764e1dbe76) Importer(815301076,1909f56bfc062723c751e8b465ee728b)  -> (artifact id: '30d09edfbe5e5e7b5b7286aa27dcb77f') in 0.054943 seconds
Number of updated asset objects reloaded before import = 0
Number of asset objects unloaded after import = 56
========================================================================
Received Import Request.
  Time since last request: 13.082169 seconds.
  path: Assets/GroundLight.fbx
  artifactKey: Guid(6ec7b4e8ed7ac8e4396b4d764e1dbe76) Importer(815301076,1909f56bfc062723c751e8b465ee728b)
Start importing Assets/GroundLight.fbx using Guid(6ec7b4e8ed7ac8e4396b4d764e1dbe76) Importer(815301076,1909f56bfc062723c751e8b465ee728b)  -> (artifact id: '136cc67e136c206e946b2de4da5a93bd') in 0.063407 seconds
Number of updated asset objects reloaded before import = 0
Number of asset objects unloaded after import = 56
========================================================================
Received Import Request.
  Time since last request: 25.005760 seconds.
  path: Assets/Models/Ground.fbx
  artifactKey: Guid(449558420d1361547a23f7fbbfcffd75) Importer(815301076,1909f56bfc062723c751e8b465ee728b)
Start importing Assets/Models/Ground.fbx using Guid(449558420d1361547a23f7fbbfcffd75) Importer(815301076,1909f56bfc062723c751e8b465ee728b)  -> (artifact id: 'f174c5e6d4d8dca78c908f3e7f4b2a83') in 0.019532 seconds
Number of updated asset objects reloaded before import = 0
Number of asset objects unloaded after import = 13
========================================================================
Received Import Request.
  Time since last request: 24.921008 seconds.
  path: Assets/Materials/Base
  artifactKey: Guid(0339161581305a147aa5772990430d68) Importer(815301076,1909f56bfc062723c751e8b465ee728b)
Start importing Assets/Materials/Base using Guid(0339161581305a147aa5772990430d68) Importer(815301076,1909f56bfc062723c751e8b465ee728b)  -> (artifact id: 'ba8dfbbd1604f778b9874b06c5b966e6') in 0.000692 seconds
Number of updated asset objects reloaded before import = 0
Number of asset objects unloaded after import = 0
========================================================================
Received Import Request.
  Time since last request: 0.030651 seconds.
  path: Assets/Materials/Base/Base.mat
  artifactKey: Guid(cb7ee7b649a98834194ffb272fff6136) Importer(815301076,1909f56bfc062723c751e8b465ee728b)
Start importing Assets/Materials/Base/Base.mat using Guid(cb7ee7b649a98834194ffb272fff6136) Importer(815301076,1909f56bfc062723c751e8b465ee728b)  -> (artifact id: '1c143e15aa4e0a8b1c9c0f943c6d3e92') in 0.043602 seconds
Number of updated asset objects reloaded before import = 0
Number of asset objects unloaded after import = 4
========================================================================
Received Import Request.
  Time since last request: 0.000031 seconds.
  path: Assets/Materials/Base/Base_Normal.png
  artifactKey: Guid(ed706598212353e46a1ec49e9d16dd29) Importer(815301076,1909f56bfc062723c751e8b465ee728b)
Start importing Assets/Materials/Base/Base_Normal.png using Guid(ed706598212353e46a1ec49e9d16dd29) Importer(815301076,1909f56bfc062723c751e8b465ee728b)  -> (artifact id: '995cfaa5d9caded94798d6ea7beaf59f') in 0.048752 seconds
Number of updated asset objects reloaded before import = 0
Number of asset objects unloaded after import = 2
========================================================================
Received Import Request.
  Time since last request: 0.825494 seconds.
  path: Assets/Materials/Enclosure/Enclosure.mat
  artifactKey: Guid(722ca731d6503564f8ceaa704ec90498) Importer(815301076,1909f56bfc062723c751e8b465ee728b)
Start importing Assets/Materials/Enclosure/Enclosure.mat using Guid(722ca731d6503564f8ceaa704ec90498) Importer(815301076,1909f56bfc062723c751e8b465ee728b)  -> (artifact id: '77127c9506d182e7702c0d2017c1ca32') in 0.021181 seconds
Number of updated asset objects reloaded before import = 0
Number of asset objects unloaded after import = 4
========================================================================
Received Import Request.
  Time since last request: 0.000034 seconds.
  path: Assets/Materials/Enclosure/Enclosure_Normal.png
  artifactKey: Guid(906a82309d0ac5c4abca696f5c416fb0) Importer(815301076,1909f56bfc062723c751e8b465ee728b)
Start importing Assets/Materials/Enclosure/Enclosure_Normal.png using Guid(906a82309d0ac5c4abca696f5c416fb0) Importer(815301076,1909f56bfc062723c751e8b465ee728b)  -> (artifact id: 'b7fde2b7a17c7bca7e8bf5b20e6d28b8') in 0.034184 seconds
Number of updated asset objects reloaded before import = 0
Number of asset objects unloaded after import = 2
========================================================================
Received Import Request.
  Time since last request: 0.331888 seconds.
  path: Assets/Materials/ground/Ground_BaseMap.png
  artifactKey: Guid(42bf42d6993054748bb4841370cb4f1c) Importer(815301076,1909f56bfc062723c751e8b465ee728b)
Start importing Assets/Materials/ground/Ground_BaseMap.png using Guid(42bf42d6993054748bb4841370cb4f1c) Importer(815301076,1909f56bfc062723c751e8b465ee728b)  -> (artifact id: 'cd0bd6c487c57bf23a1d236dd3855433') in 0.036368 seconds
Number of updated asset objects reloaded before import = 0
Number of asset objects unloaded after import = 2
========================================================================
Received Import Request.
  Time since last request: 0.059599 seconds.
  path: Assets/Materials/ground/盲道.fbx
  artifactKey: Guid(14305c75e70f6f94fae056c1a012b4dc) Importer(815301076,1909f56bfc062723c751e8b465ee728b)
Start importing Assets/Materials/ground/盲道.fbx using Guid(14305c75e70f6f94fae056c1a012b4dc) Importer(815301076,1909f56bfc062723c751e8b465ee728b)  -> (artifact id: '3de9002124b3aafa4833080d97dfa913') in 0.013740 seconds
Number of updated asset objects reloaded before import = 0
Number of asset objects unloaded after import = 7
========================================================================
Received Import Request.
  Time since last request: 0.000091 seconds.
  path: Assets/Materials/ground/平面_rough&metal.png
  artifactKey: Guid(84ee6d23306c20d46a163e8f756ad2d6) Importer(815301076,1909f56bfc062723c751e8b465ee728b)
Start importing Assets/Materials/ground/平面_rough&metal.png using Guid(84ee6d23306c20d46a163e8f756ad2d6) Importer(815301076,1909f56bfc062723c751e8b465ee728b)  -> (artifact id: 'ccdf471d62090e5ab19fdbfabbb6b0d0') in 0.030294 seconds
Number of updated asset objects reloaded before import = 0
Number of asset objects unloaded after import = 2
========================================================================
Received Import Request.
  Time since last request: 0.213901 seconds.
  path: Assets/Materials/Helipad/Helipad.mat
  artifactKey: Guid(d64b496c0aec8b34fb22ab8e83b4efd1) Importer(815301076,1909f56bfc062723c751e8b465ee728b)
Start importing Assets/Materials/Helipad/Helipad.mat using Guid(d64b496c0aec8b34fb22ab8e83b4efd1) Importer(815301076,1909f56bfc062723c751e8b465ee728b)  -> (artifact id: 'aa2fa0ff9d60cbf1934a0b63b95e7701') in 0.020169 seconds
Number of updated asset objects reloaded before import = 0
Number of asset objects unloaded after import = 4
========================================================================
Received Import Request.
  Time since last request: 0.000032 seconds.
  path: Assets/Materials/Helipad/Helipad_MaskMap.png
  artifactKey: Guid(f0759e001cc18b449961bac12b304875) Importer(815301076,1909f56bfc062723c751e8b465ee728b)
Start importing Assets/Materials/Helipad/Helipad_MaskMap.png using Guid(f0759e001cc18b449961bac12b304875) Importer(815301076,1909f56bfc062723c751e8b465ee728b)  -> (artifact id: '8777e43c397de056846e45d83200d410') in 0.030569 seconds
Number of updated asset objects reloaded before import = 0
Number of asset objects unloaded after import = 2
========================================================================
Received Import Request.
  Time since last request: 16.224251 seconds.
  path: Assets/Materials/Lights/Blue Glow Pure.mat
  artifactKey: Guid(b91186ef5cbf2ff439699109640f2220) Importer(815301076,1909f56bfc062723c751e8b465ee728b)
Start importing Assets/Materials/Lights/Blue Glow Pure.mat using Guid(b91186ef5cbf2ff439699109640f2220) Importer(815301076,1909f56bfc062723c751e8b465ee728b)  -> (artifact id: 'c8a246038a089d90af5d0fc9197f7067') in 0.012029 seconds
Number of updated asset objects reloaded before import = 0
Number of asset objects unloaded after import = 1
========================================================================
Received Import Request.
  Time since last request: 0.000055 seconds.
  path: Assets/Materials/Lights/White Glow.mat
  artifactKey: Guid(9314e3356e1280746897d738533acf22) Importer(815301076,1909f56bfc062723c751e8b465ee728b)
Start importing Assets/Materials/Lights/White Glow.mat using Guid(9314e3356e1280746897d738533acf22) Importer(815301076,1909f56bfc062723c751e8b465ee728b)  -> (artifact id: 'e3641f49b89302f7d948d83e881c9a86') in 0.010063 seconds
Number of updated asset objects reloaded before import = 0
Number of asset objects unloaded after import = 1
========================================================================
Received Import Request.
  Time since last request: 1.595770 seconds.
  path: Assets/Materials/NewEnergyFans/flow(3).png
  artifactKey: Guid(12bf79dd1da7fe14a86ab9e409153499) Importer(815301076,1909f56bfc062723c751e8b465ee728b)
Start importing Assets/Materials/NewEnergyFans/flow(3).png using Guid(12bf79dd1da7fe14a86ab9e409153499) Importer(815301076,1909f56bfc062723c751e8b465ee728b)  -> (artifact id: 'f00cb4b3c6a8cee6f708a647a01d8beb') in 0.032464 seconds
Number of updated asset objects reloaded before import = 0
Number of asset objects unloaded after import = 2
========================================================================
Received Import Request.
  Time since last request: 3.755488 seconds.
  path: Assets/Materials/Outpost/Outpost_BaseMap.png
  artifactKey: Guid(c7ab4b358dddc9e4494aab8976612883) Importer(815301076,1909f56bfc062723c751e8b465ee728b)
Start importing Assets/Materials/Outpost/Outpost_BaseMap.png using Guid(c7ab4b358dddc9e4494aab8976612883) Importer(815301076,1909f56bfc062723c751e8b465ee728b)  -> (artifact id: '3cb9d151e71bd340968a7d59ec7f376b') in 0.032817 seconds
Number of updated asset objects reloaded before import = 0
Number of asset objects unloaded after import = 2
========================================================================
Received Import Request.
  Time since last request: 4.927708 seconds.
  path: Assets/Materials/Power Rune/Power Rune_BaseMap.png
  artifactKey: Guid(4febd9b27f707a043936570009f728e2) Importer(815301076,1909f56bfc062723c751e8b465ee728b)
Start importing Assets/Materials/Power Rune/Power Rune_BaseMap.png using Guid(4febd9b27f707a043936570009f728e2) Importer(815301076,1909f56bfc062723c751e8b465ee728b)  -> (artifact id: '425a37d7b10625d7d8840d2a74897f13') in 0.036691 seconds
Number of updated asset objects reloaded before import = 0
Number of asset objects unloaded after import = 2
========================================================================
Received Import Request.
  Time since last request: 1.029280 seconds.
  path: Assets/Materials/R3/R3_本体_Material.mat
  artifactKey: Guid(57f6217fb13839e4da55c6d875313d0a) Importer(815301076,1909f56bfc062723c751e8b465ee728b)
Start importing Assets/Materials/R3/R3_本体_Material.mat using Guid(57f6217fb13839e4da55c6d875313d0a) Importer(815301076,1909f56bfc062723c751e8b465ee728b)  -> (artifact id: '89e89665f4ecd4b3d57d81da4951e80e') in 0.027685 seconds
Number of updated asset objects reloaded before import = 0
Number of asset objects unloaded after import = 4
========================================================================
Received Import Request.
  Time since last request: 0.027730 seconds.
  path: Assets/Materials/R3/地面_normal.png
  artifactKey: Guid(8611b9c1d60be524fa7e867ed7d7721b) Importer(815301076,1909f56bfc062723c751e8b465ee728b)
Start importing Assets/Materials/R3/地面_normal.png using Guid(8611b9c1d60be524fa7e867ed7d7721b) Importer(815301076,1909f56bfc062723c751e8b465ee728b)  -> (artifact id: 'c878358a9471758d5c9f02ae6f7424f2') in 0.040187 seconds
Number of updated asset objects reloaded before import = 0
Number of asset objects unloaded after import = 2
========================================================================
Received Import Request.
  Time since last request: 0.000037 seconds.
  path: Assets/Materials/R3/地面_rough&metal.png
  artifactKey: Guid(a5a57f9985ee076459f3b05c993f2df1) Importer(815301076,1909f56bfc062723c751e8b465ee728b)
Start importing Assets/Materials/R3/地面_rough&metal.png using Guid(a5a57f9985ee076459f3b05c993f2df1) Importer(815301076,1909f56bfc062723c751e8b465ee728b)  -> (artifact id: '291cc530124fb32babc3c0ef3602d3b4') in 0.027775 seconds
Number of updated asset objects reloaded before import = 0
Number of asset objects unloaded after import = 2
========================================================================
Received Import Request.
  Time since last request: 0.874425 seconds.
  path: Assets/Materials/R4/R4_边缘_material.mat
  artifactKey: Guid(697a0d787318fd147b6eca1ffcd7eb83) Importer(815301076,1909f56bfc062723c751e8b465ee728b)
Start importing Assets/Materials/R4/R4_边缘_material.mat using Guid(697a0d787318fd147b6eca1ffcd7eb83) Importer(815301076,1909f56bfc062723c751e8b465ee728b)  -> (artifact id: '811e7edaec3bde31523c9903bd118018') in 0.017494 seconds
Number of updated asset objects reloaded before import = 0
Number of asset objects unloaded after import = 4
========================================================================
Received Import Request.
  Time since last request: 0.000033 seconds.
  path: Assets/Materials/R4/边缘_rough&metal.png
  artifactKey: Guid(511d37ab6af38804d85d0d449b462420) Importer(815301076,1909f56bfc062723c751e8b465ee728b)
Start importing Assets/Materials/R4/边缘_rough&metal.png using Guid(511d37ab6af38804d85d0d449b462420) Importer(815301076,1909f56bfc062723c751e8b465ee728b)  -> (artifact id: '35555c73385d993d40b7fcee1b14879c') in 0.019171 seconds
Number of updated asset objects reloaded before import = 0
Number of asset objects unloaded after import = 2
========================================================================
Received Import Request.
  Time since last request: 0.000214 seconds.
  path: Assets/Materials/R4/边缘_normal.png
  artifactKey: Guid(7676f0c1367d34e479d5db9cf96087fe) Importer(815301076,1909f56bfc062723c751e8b465ee728b)
Start importing Assets/Materials/R4/边缘_normal.png using Guid(7676f0c1367d34e479d5db9cf96087fe) Importer(815301076,1909f56bfc062723c751e8b465ee728b)  -> (artifact id: '73bb3ecceede1516f670f3c59887f19c') in 0.022408 seconds
Number of updated asset objects reloaded before import = 0
Number of asset objects unloaded after import = 2
========================================================================
Received Import Request.
  Time since last request: 0.000030 seconds.
  path: Assets/Materials/R4/边缘_basecolor.png
  artifactKey: Guid(d527342592251b743979e45d248f868f) Importer(815301076,1909f56bfc062723c751e8b465ee728b)
Start importing Assets/Materials/R4/边缘_basecolor.png using Guid(d527342592251b743979e45d248f868f) Importer(815301076,1909f56bfc062723c751e8b465ee728b)  -> (artifact id: '59deef8af009dda2f3b0214d54cdbeab') in 0.016167 seconds
Number of updated asset objects reloaded before import = 0
Number of asset objects unloaded after import = 2
========================================================================
Received Import Request.
  Time since last request: 0.717889 seconds.
  path: Assets/Materials/Road/Road_BaseMap.png
  artifactKey: Guid(71787ced236424c43b326ef50641cc66) Importer(815301076,1909f56bfc062723c751e8b465ee728b)
Start importing Assets/Materials/Road/Road_BaseMap.png using Guid(71787ced236424c43b326ef50641cc66) Importer(815301076,1909f56bfc062723c751e8b465ee728b)  -> (artifact id: 'b50a126bee81db53ecab867fee3a33a1') in 0.018518 seconds
Number of updated asset objects reloaded before import = 0
Number of asset objects unloaded after import = 2
========================================================================
Received Import Request.
  Time since last request: 0.000057 seconds.
  path: Assets/Materials/Road/Road_Normal.png
  artifactKey: Guid(e45930b0720201a48931a9f7364d90e1) Importer(815301076,1909f56bfc062723c751e8b465ee728b)
Start importing Assets/Materials/Road/Road_Normal.png using Guid(e45930b0720201a48931a9f7364d90e1) Importer(815301076,1909f56bfc062723c751e8b465ee728b)  -> (artifact id: '9288e901d9d325a8ef9a1b82509767bc') in 0.018663 seconds
Number of updated asset objects reloaded before import = 0
Number of asset objects unloaded after import = 2
========================================================================
Received Import Request.
  Time since last request: 1.096760 seconds.
  path: Assets/Materials/环形高地/环形高地_ 面_normal.png
  artifactKey: Guid(fba55871c7d3989428c0a6f306b64d9a) Importer(815301076,1909f56bfc062723c751e8b465ee728b)
Start importing Assets/Materials/环形高地/环形高地_ 面_normal.png using Guid(fba55871c7d3989428c0a6f306b64d9a) Importer(815301076,1909f56bfc062723c751e8b465ee728b)  -> (artifact id: '3df64eefb81210b0726767e561674ea3') in 0.034783 seconds
Number of updated asset objects reloaded before import = 0
Number of asset objects unloaded after import = 2
========================================================================
Received Import Request.
  Time since last request: 0.000043 seconds.
  path: Assets/Materials/环形高地/环形高地_边_normal.png
  artifactKey: Guid(e19047d85f71f8e4ea0990b72b3427d1) Importer(815301076,1909f56bfc062723c751e8b465ee728b)
Start importing Assets/Materials/环形高地/环形高地_边_normal.png using Guid(e19047d85f71f8e4ea0990b72b3427d1) Importer(815301076,1909f56bfc062723c751e8b465ee728b)  -> (artifact id: 'efa975cbeeff98fe6123a3f7a325a68e') in 0.033316 seconds
Number of updated asset objects reloaded before import = 0
Number of asset objects unloaded after import = 2
========================================================================
Received Import Request.
  Time since last request: 7.337876 seconds.
  path: Assets/Prefabs/Common/LargeArmor.prefab
  artifactKey: Guid(80c350f53c8993f4d82d0499331b651b) Importer(815301076,1909f56bfc062723c751e8b465ee728b)
Start importing Assets/Prefabs/Common/LargeArmor.prefab using Guid(80c350f53c8993f4d82d0499331b651b) Importer(815301076,1909f56bfc062723c751e8b465ee728b)  -> (artifact id: '9f9f25fa636ad3ff623fd7fc8faf75b7') in 0.081219 seconds
Number of updated asset objects reloaded before import = 0
Number of asset objects unloaded after import = 44
Editor requested this worker to shutdown with reason: Scaling down because of idle timeout
TcpMessagingSession - receive error: operation aborted. errorcode: 125, details: Operation aborted.
AssetImportWorker is now disconnected from the server
Process exiting
Assertion failed on expression: 'm_PodArrays.empty()'
Checking for leaked weakptr:
  Found no leaked weakptrs.
All object instances wasn't destroyed before shutting down
Assertion failed on expression: 'm_MemoryFSRefCount == 0'
Memory Statistics:
[ALLOC_TEMP_TLS] TLS Allocator
  StackAllocators : 
    [ALLOC_TEMP_Loading.PreloadManager]
      Peak usage frame count: [0-1.0 KB]: 2 frames
      Initial Block Size 32.0 MB
      Current Block Size 32.0 MB
      Peak Allocated Bytes 0 B
      Overflow Count 0
    [ALLOC_TEMP_BakingJobs.worker 15]
      Initial Block Size 256.0 KB
      Current Block Size 256.0 KB
      Peak Allocated Bytes 0 B
      Overflow Count 0
    [ALLOC_TEMP_BakingJobs.worker 14]
      Initial Block Size 256.0 KB
      Current Block Size 256.0 KB
      Peak Allocated Bytes 0 B
      Overflow Count 0
    [ALLOC_TEMP_BakingJobs.worker 13]
      Initial Block Size 256.0 KB
      Current Block Size 256.0 KB
      Peak Allocated Bytes 0 B
      Overflow Count 0
    [ALLOC_TEMP_BakingJobs.worker 12]
      Initial Block Size 256.0 KB
      Current Block Size 256.0 KB
      Peak Allocated Bytes 0 B
      Overflow Count 0
    [ALLOC_TEMP_BakingJobs.worker 11]
      Initial Block Size 256.0 KB
      Current Block Size 256.0 KB
      Peak Allocated Bytes 0 B
      Overflow Count 0
    [ALLOC_TEMP_BakingJobs.worker 10]
      Initial Block Size 256.0 KB
      Current Block Size 256.0 KB
      Peak Allocated Bytes 0 B
      Overflow Count 0
    [ALLOC_TEMP_BakingJobs.worker 9]
      Initial Block Size 256.0 KB
      Current Block Size 256.0 KB
      Peak Allocated Bytes 0 B
      Overflow Count 0
    [ALLOC_TEMP_BakingJobs.worker 8]
      Initial Block Size 256.0 KB
      Current Block Size 256.0 KB
      Peak Allocated Bytes 0 B
      Overflow Count 0
    [ALLOC_TEMP_BakingJobs.worker 7]
      Initial Block Size 256.0 KB
      Current Block Size 256.0 KB
      Peak Allocated Bytes 0 B
      Overflow Count 0
    [ALLOC_TEMP_BakingJobs.worker 6]
      Initial Block Size 256.0 KB
      Current Block Size 256.0 KB
      Peak Allocated Bytes 0 B
      Overflow Count 0
    [ALLOC_TEMP_BakingJobs.worker 5]
      Initial Block Size 256.0 KB
      Current Block Size 256.0 KB
      Peak Allocated Bytes 0 B
      Overflow Count 0
    [ALLOC_TEMP_BakingJobs.worker 4]
      Initial Block Size 256.0 KB
      Current Block Size 256.0 KB
      Peak Allocated Bytes 0 B
      Overflow Count 0
    [ALLOC_TEMP_BakingJobs.worker 3]
      Initial Block Size 256.0 KB
      Current Block Size 256.0 KB
      Peak Allocated Bytes 0 B
      Overflow Count 0
    [ALLOC_TEMP_BakingJobs.worker 2]
      Initial Block Size 256.0 KB
      Current Block Size 256.0 KB
      Peak Allocated Bytes 0 B
      Overflow Count 0
    [ALLOC_TEMP_BakingJobs.worker 1]
      Initial Block Size 256.0 KB
      Current Block Size 256.0 KB
      Peak Allocated Bytes 0 B
      Overflow Count 0
    [ALLOC_TEMP_BakingJobs.worker 0]
      Initial Block Size 256.0 KB
      Current Block Size 256.0 KB
      Peak Allocated Bytes 0 B
      Overflow Count 0
    [ALLOC_TEMP_AssetDatabase.FileHasherHasher]
      Initial Block Size 64.0 KB
      Current Block Size 64.0 KB
      Peak Allocated Bytes 31 B
      Overflow Count 0
    [ALLOC_TEMP_AssetDatabase.FileHasherReader]
      Initial Block Size 64.0 KB
      Current Block Size 64.0 KB
      Peak Allocated Bytes 31 B
      Overflow Count 0
    [ALLOC_TEMP_AssetDatabase.FileHasherHasher]
      Initial Block Size 64.0 KB
      Current Block Size 64.0 KB
      Peak Allocated Bytes 31 B
      Overflow Count 0
    [ALLOC_TEMP_AssetDatabase.FileHasherReader]
      Initial Block Size 64.0 KB
      Current Block Size 64.0 KB
      Peak Allocated Bytes 31 B
      Overflow Count 0
    [ALLOC_TEMP_AssetDatabase.FileHasherHasher]
      Initial Block Size 64.0 KB
      Current Block Size 64.0 KB
      Peak Allocated Bytes 31 B
      Overflow Count 0
    [ALLOC_TEMP_AssetDatabase.FileHasherReader]
      Initial Block Size 64.0 KB
      Current Block Size 64.0 KB
      Peak Allocated Bytes 31 B
      Overflow Count 0
    [ALLOC_TEMP_AssetDatabase.FileHasherHasher]
      Initial Block Size 64.0 KB
      Current Block Size 64.0 KB
      Peak Allocated Bytes 31 B
      Overflow Count 0
    [ALLOC_TEMP_AssetDatabase.FileHasherReader]
      Initial Block Size 64.0 KB
      Current Block Size 64.0 KB
      Peak Allocated Bytes 31 B
      Overflow Count 0
    [ALLOC_TEMP_Loading.AsyncRead]
      Initial Block Size 64.0 KB
      Current Block Size 64.0 KB
      Peak Allocated Bytes 0 B
      Overflow Count 0
    [ALLOC_TEMP_BatchDeleteObjects]
      Initial Block Size 64.0 KB
      Current Block Size 64.0 KB
      Peak Allocated Bytes 0 B
      Overflow Count 0
    [ALLOC_TEMP_Background Job.worker 15]
      Initial Block Size 32.0 KB
      Current Block Size 32.0 KB
      Peak Allocated Bytes 0 B
      Overflow Count 0
    [ALLOC_TEMP_Background Job.worker 14]
      Initial Block Size 32.0 KB
      Current Block Size 32.0 KB
      Peak Allocated Bytes 0 B
      Overflow Count 0
    [ALLOC_TEMP_Background Job.worker 13]
      Initial Block Size 32.0 KB
      Current Block Size 32.0 KB
      Peak Allocated Bytes 0 B
      Overflow Count 0
    [ALLOC_TEMP_Background Job.worker 12]
      Initial Block Size 32.0 KB
      Current Block Size 32.0 KB
      Peak Allocated Bytes 0 B
      Overflow Count 0
    [ALLOC_TEMP_Background Job.worker 11]
      Initial Block Size 32.0 KB
      Current Block Size 32.0 KB
      Peak Allocated Bytes 0 B
      Overflow Count 0
    [ALLOC_TEMP_Background Job.worker 10]
      Initial Block Size 32.0 KB
      Current Block Size 32.0 KB
      Peak Allocated Bytes 0 B
      Overflow Count 0
    [ALLOC_TEMP_Background Job.worker 9]
      Initial Block Size 32.0 KB
      Current Block Size 32.0 KB
      Peak Allocated Bytes 0 B
      Overflow Count 0
    [ALLOC_TEMP_Background Job.worker 8]
      Initial Block Size 32.0 KB
      Current Block Size 32.0 KB
      Peak Allocated Bytes 0 B
      Overflow Count 0
    [ALLOC_TEMP_Background Job.worker 7]
      Initial Block Size 32.0 KB
      Current Block Size 32.0 KB
      Peak Allocated Bytes 0 B
      Overflow Count 0
    [ALLOC_TEMP_Background Job.worker 6]
      Initial Block Size 32.0 KB
      Current Block Size 32.0 KB
      Peak Allocated Bytes 0 B
      Overflow Count 0
    [ALLOC_TEMP_Background Job.worker 5]
      Initial Block Size 32.0 KB
      Current Block Size 32.0 KB
      Peak Allocated Bytes 0 B
      Overflow Count 0
    [ALLOC_TEMP_Background Job.worker 4]
      Initial Block Size 32.0 KB
      Current Block Size 32.0 KB
      Peak Allocated Bytes 0 B
      Overflow Count 0
    [ALLOC_TEMP_Background Job.worker 3]
      Initial Block Size 32.0 KB
      Current Block Size 32.0 KB
      Peak Allocated Bytes 0 B
      Overflow Count 0
    [ALLOC_TEMP_Background Job.worker 2]
      Initial Block Size 32.0 KB
      Current Block Size 32.0 KB
      Peak Allocated Bytes 0 B
      Overflow Count 0
    [ALLOC_TEMP_Background Job.worker 1]
      Initial Block Size 32.0 KB
      Current Block Size 72.0 KB
      Peak Allocated Bytes 35.4 KB
      Overflow Count 0
    [ALLOC_TEMP_Background Job.worker 0]
      Initial Block Size 32.0 KB
      Current Block Size 32.0 KB
      Peak Allocated Bytes 0 B
      Overflow Count 0
    [ALLOC_TEMP_Job.worker 14]
      Initial Block Size 256.0 KB
      Current Block Size 256.0 KB
      Peak Allocated Bytes 0 B
      Overflow Count 0
    [ALLOC_TEMP_Job.worker 13]
      Initial Block Size 256.0 KB
      Current Block Size 256.0 KB
      Peak Allocated Bytes 0 B
      Overflow Count 0
    [ALLOC_TEMP_Job.worker 12]
      Initial Block Size 256.0 KB
      Current Block Size 256.0 KB
      Peak Allocated Bytes 0 B
      Overflow Count 0
    [ALLOC_TEMP_Job.worker 11]
      Initial Block Size 256.0 KB
      Current Block Size 256.0 KB
      Peak Allocated Bytes 0 B
      Overflow Count 0
    [ALLOC_TEMP_Job.worker 10]
      Initial Block Size 256.0 KB
      Current Block Size 256.0 KB
      Peak Allocated Bytes 0 B
      Overflow Count 0
    [ALLOC_TEMP_Job.worker 9]
      Initial Block Size 256.0 KB
      Current Block Size 256.0 KB
      Peak Allocated Bytes 0 B
      Overflow Count 0
    [ALLOC_TEMP_Job.worker 8]
      Initial Block Size 256.0 KB
      Current Block Size 256.0 KB
      Peak Allocated Bytes 0 B
      Overflow Count 0
    [ALLOC_TEMP_Job.worker 7]
      Initial Block Size 256.0 KB
      Current Block Size 256.0 KB
      Peak Allocated Bytes 0 B
      Overflow Count 0
    [ALLOC_TEMP_Job.worker 6]
      Initial Block Size 256.0 KB
      Current Block Size 256.0 KB
      Peak Allocated Bytes 0 B
      Overflow Count 0
    [ALLOC_TEMP_Job.worker 5]
      Initial Block Size 256.0 KB
      Current Block Size 256.0 KB
      Peak Allocated Bytes 0 B
      Overflow Count 0
    [ALLOC_TEMP_Job.worker 4]
      Initial Block Size 256.0 KB
      Current Block Size 256.0 KB
      Peak Allocated Bytes 0 B
      Overflow Count 0
    [ALLOC_TEMP_Job.worker 3]
      Initial Block Size 256.0 KB
      Current Block Size 256.0 KB
      Peak Allocated Bytes 0 B
      Overflow Count 0
    [ALLOC_TEMP_Job.worker 2]
      Initial Block Size 256.0 KB
      Current Block Size 256.0 KB
      Peak Allocated Bytes 0 B
      Overflow Count 0
    [ALLOC_TEMP_Job.worker 1]
      Initial Block Size 256.0 KB
      Current Block Size 256.0 KB
      Peak Allocated Bytes 0.6 KB
      Overflow Count 0
    [ALLOC_TEMP_Job.worker 0]
      Initial Block Size 256.0 KB
      Current Block Size 256.0 KB
      Peak Allocated Bytes 0 B
      Overflow Count 0
    [ALLOC_TEMP_MAIN]
      Peak usage frame count: [32.0 KB-64.0 KB]: 4 frames, [1.0 MB-2.0 MB]: 43 frames, [4.0 MB-8.0 MB]: 1 frames, [8.0 MB-16.0 MB]: 1 frames
      Initial Block Size 16.0 MB
      Current Block Size 16.2 MB
      Peak Allocated Bytes 13.5 MB
      Overflow Count 0
    [ALLOC_TEMP_CoreBusinessMetricsCache]
      Initial Block Size 64.0 KB
      Current Block Size 64.0 KB
      Peak Allocated Bytes 0 B
      Overflow Count 0
    [ALLOC_TEMP_AssetDatabase.IOService]
      Initial Block Size 64.0 KB
      Current Block Size 64.0 KB
      Peak Allocated Bytes 32.6 KB
      Overflow Count 0
    [ALLOC_TEMP_Profiler.Dispatcher]
      Initial Block Size 64.0 KB
      Current Block Size 64.0 KB
      Peak Allocated Bytes 0 B
      Overflow Count 0
    [ALLOC_TEMP_AssetGarbageCollectorHelper] x 15
      Initial Block Size 64.0 KB
      Current Block Size 64.0 KB
      Peak Allocated Bytes 0 B
      Overflow Count 0
[ALLOC_MEMORYPROFILER]
  Peak usage frame count: [256.0 KB-0.5 MB]: 48 frames, [0.5 MB-1.0 MB]: 1 frames
  Requested Block Size 1.0 MB
  Peak Block count 2
  Peak Allocated memory 0.9 MB
  Peak Large allocation bytes 0 B
[ALLOC_DEFAULT] Dual Thread Allocator
  Peak main deferred allocation count 57
    [ALLOC_BUCKET]
      Large Block size 32.0 MB
      Used Block count 1
      Peak Allocated bytes 9.4 MB
    [ALLOC_DEFAULT_MAIN]
      Peak usage frame count: [32.0 MB-64.0 MB]: 49 frames
      Requested Block Size 16.0 MB
      Peak Block count 4
      Peak Allocated memory 54.5 MB
      Peak Large allocation bytes 0 B
    [ALLOC_DEFAULT_THREAD]
      Peak usage frame count: [1.0 MB-2.0 MB]: 47 frames, [2.0 MB-4.0 MB]: 2 frames
      Requested Block Size 16.0 MB
      Peak Block count 1
      Peak Allocated memory 3.6 MB
      Peak Large allocation bytes 0 B
[ALLOC_TEMP_JOB_1_FRAME]
  Initial Block Size 2.0 MB
  Used Block Count 0
  Overflow Count (too large) 0
  Overflow Count (full) 0
[ALLOC_TEMP_JOB_2_FRAMES]
  Initial Block Size 2.0 MB
  Used Block Count 0
  Overflow Count (too large) 0
  Overflow Count (full) 0
[ALLOC_TEMP_JOB_4_FRAMES (JobTemp)]
  Initial Block Size 2.0 MB
  Used Block Count 1
  Overflow Count (too large) 0
  Overflow Count (full) 0
[ALLOC_TEMP_JOB_ASYNC (Background)]
  Initial Block Size 1.0 MB
  Used Block Count 1
  Overflow Count (too large) 0
  Overflow Count (full) 0
[ALLOC_GFX] Dual Thread Allocator
  Peak main deferred allocation count 0
    [ALLOC_BUCKET]
      Large Block size 32.0 MB
      Used Block count 1
      Peak Allocated bytes 9.4 MB
    [ALLOC_GFX_MAIN]
      Peak usage frame count: [128.0 KB-256.0 KB]: 8 frames, [256.0 KB-0.5 MB]: 18 frames, [0.5 MB-1.0 MB]: 1 frames, [1.0 MB-2.0 MB]: 1 frames, [2.0 MB-4.0 MB]: 8 frames, [4.0 MB-8.0 MB]: 8 frames, [8.0 MB-16.0 MB]: 5 frames
      Requested Block Size 16.0 MB
      Peak Block count 1
      Peak Allocated memory 13.7 MB
      Peak Large allocation bytes 0 B
    [ALLOC_GFX_THREAD]
      Peak usage frame count: [0-1.0 KB]: 49 frames
      Requested Block Size 16.0 MB
      Peak Block count 0
      Peak Allocated memory 0 B
      Peak Large allocation bytes 0 B
[ALLOC_CACHEOBJECTS] Dual Thread Allocator
  Peak main deferred allocation count 28270
    [ALLOC_BUCKET]
      Large Block size 32.0 MB
      Used Block count 1
      Peak Allocated bytes 9.4 MB
    [ALLOC_CACHEOBJECTS_MAIN]
      Peak usage frame count: [4.0 MB-8.0 MB]: 48 frames, [64.0 MB-128.0 MB]: 1 frames
      Requested Block Size 4.0 MB
      Peak Block count 20
      Peak Allocated memory 95.7 MB
      Peak Large allocation bytes 19.4 MB
    [ALLOC_CACHEOBJECTS_THREAD]
      Peak usage frame count: [0-1.0 KB]: 49 frames
      Requested Block Size 4.0 MB
      Peak Block count 0
      Peak Allocated memory 0 B
      Peak Large allocation bytes 0 B
[ALLOC_TYPETREE] Dual Thread Allocator
  Peak main deferred allocation count 40100
    [ALLOC_BUCKET]
      Large Block size 32.0 MB
      Used Block count 1
      Peak Allocated bytes 9.4 MB
    [ALLOC_TYPETREE_MAIN]
      Peak usage frame count: [0.5 MB-1.0 MB]: 42 frames, [1.0 MB-2.0 MB]: 6 frames, [16.0 MB-32.0 MB]: 1 frames
      Requested Block Size 2.0 MB
      Peak Block count 15
      Peak Allocated memory 26.3 MB
      Peak Large allocation bytes 0 B
    [ALLOC_TYPETREE_THREAD]
      Peak usage frame count: [0-1.0 KB]: 49 frames
      Requested Block Size 2.0 MB
      Peak Block count 0
      Peak Allocated memory 0 B
      Peak Large allocation bytes 0 B
[ALLOC_PROFILER]
  Peak usage frame count: [64.0 KB-128.0 KB]: 49 frames
  Requested Block Size 16.0 MB
  Peak Block count 1
  Peak Allocated memory 92.6 KB
  Peak Large allocation bytes 0 B
    [ALLOC_PROFILER_BUCKET]
      Large Block size 32.0 MB
      Used Block count 1
      Peak Allocated bytes 2.7 KB
[ALLOC_PROFILER_EDITOR]
  Peak usage frame count: [0-1.0 KB]: 49 frames
  Requested Block Size 1.0 MB
  Peak Block count 0
  Peak Allocated memory 0 B
  Peak Large allocation bytes 0 B
    [ALLOC_PROFILER_BUCKET]
      Large Block size 32.0 MB
      Used Block count 1
      Peak Allocated bytes 2.7 KB
##utp:{"type":"MemoryLeaks","version":2,"phase":"Immediate","time":1697208013236,"processId":24765,"allocatedMemory":48555889,"memoryLabels":[{"Default":369298},{"Permanent":18123},{"Thread":1086512},{"Manager":4686197},{"VertexData":91676},{"Geometry":408},{"Particles":17856},{"VFX":44},{"Texture":130521},{"Shader":381438},{"Material":11228},{"GfxDevice":241440},{"Animation":15046},{"Audio":4932},{"Font":1792},{"FontEngine":4432},{"Physics":274165},{"Physics2D":153264},{"Serialization":6067012},{"Input":59520},{"JobScheduler":13087096},{"GarbageCollector":1049152},{"Mono":92},{"ScriptingNativeRuntime":167128},{"BaseObject":1828167},{"Resource":1260},{"Renderer":13652},{"Transform":48},{"File":12723},{"Network":3356},{"WebCam":40},{"Culling":48},{"Terrain":1073},{"TerrainPhysics":8},{"Wind":24},{"STL":191232},{"String":876903},{"DynamicArray":1412463},{"HashMap":1710714},{"Utility":4111022},{"PoolAlloc":1488},{"AI":59656},{"TypeTree":4533},{"ScriptManager":1610429},{"MonoScriptCache":695552},{"RuntimeInitializeOnLoadManager":72},{"AncestorCache":32},{"SpriteAtlas":112},{"GI":16312},{"Director":7928},{"WebRequest":720},{"VR":45961},{"SceneManager":600},{"Video":256},{"LazyScriptCache":32},{"ManagedAttributeManager":1},{"TextureStreaming":1416},{"NativeArray":839},{"ScreenCapture":8},{"Camera":25},{"Secure":1},{"CrashReporter":1040},{"SerializationCache":1576},{"APIUpdating":11856},{"Subsystems":384},{"VirtualTexturing":59488},{"StaticSafetyDebugInfo":327680},{"EditorGui":4728292},{"EditorUtility":79247},{"VersionControl":4},{"Undo":736},{"AssetDatabase":2452749},{"AssetImporter":283243},{"RestService":2880},{"EditorGi":24528},{"ProgressiveLightmapper":11144},{"License":3144},{"UnityConnect":25432},{"Collab":25},{"Upm":1232},{"DrivenProperties":80},{"LocalIPC":120},{"ProfilerEditor":10991},{"CoreBusinessMetrics":2876},{"AssetReference":32},{"IPCStream":32}]}
