Using pre-set license
Built from '2022.3/release' branch; Version is '2022.3.12f1 (4fe6e059c7ef) revision 5236448'; Using compiler version '192829333'; Build Type 'Release'
OS: 'Windows 11  (10.0.22621) 64bit CoreCountrySpecific' Language: 'zh' Physical Memory: 15731 MB
BatchMode: 1, IsHumanControllingUs: 0, StartBugReporterOnCrash: 0, Is64bit: 1, IsPro: 1

COMMAND LINE ARGUMENTS:
D:\Unity\2022.3.12f1\Editor\Unity.exe
-adb2
-batchMode
-noUpm
-name
AssetImportWorker14
-projectPath
D:/Study/RM/2024/24FullProcessSimulator
-logFile
Logs/AssetImportWorker14.log
-srvPort
52730
Successfully changed project path to: D:/Study/RM/2024/24FullProcessSimulator
D:/Study/RM/2024/24FullProcessSimulator
[UnityMemory] Configuration Parameters - Can be set up in boot.config
    "memorysetup-bucket-allocator-granularity=16"
    "memorysetup-bucket-allocator-bucket-count=8"
    "memorysetup-bucket-allocator-block-size=33554432"
    "memorysetup-bucket-allocator-block-count=8"
    "memorysetup-main-allocator-block-size=16777216"
    "memorysetup-thread-allocator-block-size=16777216"
    "memorysetup-gfx-main-allocator-block-size=16777216"
    "memorysetup-gfx-thread-allocator-block-size=16777216"
    "memorysetup-cache-allocator-block-size=4194304"
    "memorysetup-typetree-allocator-block-size=2097152"
    "memorysetup-profiler-bucket-allocator-granularity=16"
    "memorysetup-profiler-bucket-allocator-bucket-count=8"
    "memorysetup-profiler-bucket-allocator-block-size=33554432"
    "memorysetup-profiler-bucket-allocator-block-count=8"
    "memorysetup-profiler-allocator-block-size=16777216"
    "memorysetup-profiler-editor-allocator-block-size=1048576"
    "memorysetup-temp-allocator-size-main=16777216"
    "memorysetup-job-temp-allocator-block-size=2097152"
    "memorysetup-job-temp-allocator-block-size-background=1048576"
    "memorysetup-job-temp-allocator-reduction-small-platforms=262144"
    "memorysetup-allocator-temp-initial-block-size-main=262144"
    "memorysetup-allocator-temp-initial-block-size-worker=262144"
    "memorysetup-temp-allocator-size-background-worker=32768"
    "memorysetup-temp-allocator-size-job-worker=262144"
    "memorysetup-temp-allocator-size-preload-manager=33554432"
    "memorysetup-temp-allocator-size-nav-mesh-worker=65536"
    "memorysetup-temp-allocator-size-audio-worker=65536"
    "memorysetup-temp-allocator-size-cloud-worker=32768"
    "memorysetup-temp-allocator-size-gi-baking-worker=262144"
    "memorysetup-temp-allocator-size-gfx=262144"
Player connection [29072] Host "[IP] 192.168.1.100 [Port] 0 [Flags] 2 [Guid] 2803589805 [EditorId] 2803589805 [Version] 1048832 [Id] WindowsEditor(7,Cola-Laptop) [Debug] 1 [PackageName] WindowsEditor [ProjectName] Editor" joined multi-casting on [225.0.0.222:54997]...

Player connection [29072] Host "[IP] 192.168.1.100 [Port] 0 [Flags] 2 [Guid] 2803589805 [EditorId] 2803589805 [Version] 1048832 [Id] WindowsEditor(7,Cola-Laptop) [Debug] 1 [PackageName] WindowsEditor [ProjectName] Editor" joined alternative multi-casting on [225.0.0.222:34997]...

[Physics::Module] Initialized MultithreadedJobDispatcher with 15 workers.
Refreshing native plugins compatible for Editor in 667.77 ms, found 3 plugins.
Preloading 0 native plugins for Editor in 0.00 ms.
Initialize engine version: 2022.3.12f1 (4fe6e059c7ef)
[Subsystems] Discovering subsystems at path D:/Unity/2022.3.12f1/Editor/Data/Resources/UnitySubsystems
[Subsystems] Discovering subsystems at path D:/Study/RM/2024/24FullProcessSimulator/Assets
GfxDevice: creating device client; threaded=0; jobified=0
Direct3D:
    Version:  Direct3D 11.0 [level 11.1]
    Renderer: NVIDIA GeForce RTX 2060 (ID=0x1f15)
    Vendor:   NVIDIA
    VRAM:     5968 MB
    Driver:   31.0.15.3713
Initialize mono
Mono path[0] = 'D:/Unity/2022.3.12f1/Editor/Data/Managed'
Mono path[1] = 'D:/Unity/2022.3.12f1/Editor/Data/MonoBleedingEdge/lib/mono/unityjit-win32'
Mono config path = 'D:/Unity/2022.3.12f1/Editor/Data/MonoBleedingEdge/etc'
Using monoOptions --debugger-agent=transport=dt_socket,embedding=1,server=y,suspend=n,address=127.0.0.1:56940
Begin MonoManager ReloadAssembly
Registering precompiled unity dll's ...
Register platform support module: D:/Unity/2022.3.12f1/Editor/Data/PlaybackEngines/WebGLSupport/UnityEditor.WebGL.Extensions.dll
Register platform support module: D:/Unity/2022.3.12f1/Editor/Data/PlaybackEngines/WindowsStandaloneSupport/UnityEditor.WindowsStandalone.Extensions.dll
Registered in 0.005431 seconds.
- Loaded All Assemblies, in  0.464 seconds
Native extension for WindowsStandalone target not found
Native extension for WebGL target not found
Mono: successfully reloaded assembly
- Finished resetting the current domain, in  0.271 seconds
Domain Reload Profiling: 735ms
	BeginReloadAssembly (159ms)
		ExecutionOrderSort (0ms)
		DisableScriptedObjects (0ms)
		BackupInstance (0ms)
		ReleaseScriptingObjects (0ms)
		CreateAndSetChildDomain (1ms)
	RebuildCommonClasses (41ms)
	RebuildNativeTypeToScriptingClass (11ms)
	initialDomainReloadingComplete (58ms)
	LoadAllAssembliesAndSetupDomain (195ms)
		LoadAssemblies (159ms)
		RebuildTransferFunctionScriptingTraits (0ms)
		AnalyzeDomain (192ms)
			TypeCache.Refresh (190ms)
				TypeCache.ScanAssembly (177ms)
			ScanForSourceGeneratedMonoScriptInfo (0ms)
			ResolveRequiredComponents (0ms)
	FinalizeReload (271ms)
		ReleaseScriptCaches (0ms)
		RebuildScriptCaches (0ms)
		SetupLoadedEditorAssemblies (208ms)
			LogAssemblyErrors (0ms)
			InitializePlatformSupportModulesInManaged (9ms)
			SetLoadedEditorAssemblies (5ms)
			RefreshPlugins (0ms)
			BeforeProcessingInitializeOnLoad (2ms)
			ProcessInitializeOnLoadAttributes (136ms)
			ProcessInitializeOnLoadMethodAttributes (56ms)
			AfterProcessingInitializeOnLoad (0ms)
			EditorAssembliesLoaded (0ms)
		ExecutionOrderSort2 (0ms)
		AwakeInstancesAfterBackupRestoration (0ms)
========================================================================
Worker process is ready to serve import requests
Begin MonoManager ReloadAssembly
- Loaded All Assemblies, in  0.792 seconds
Refreshing native plugins compatible for Editor in 156.23 ms, found 3 plugins.
Native extension for WindowsStandalone target not found
Native extension for WebGL target not found
Package Manager log level set to [2]
[Package Manager] Server::EnsureServerProcessIsRunning -- launch failed, reason: Unity was launched with the -noUpm command-line argument
[Package Manager] UpmClient::Send -- Unable to send message (not connected to UPM process).
[Package Manager] Cannot connect to Unity Package Manager local server
Mono: successfully reloaded assembly
- Finished resetting the current domain, in  0.683 seconds
Domain Reload Profiling: 1474ms
	BeginReloadAssembly (162ms)
		ExecutionOrderSort (0ms)
		DisableScriptedObjects (6ms)
		BackupInstance (0ms)
		ReleaseScriptingObjects (0ms)
		CreateAndSetChildDomain (20ms)
	RebuildCommonClasses (37ms)
	RebuildNativeTypeToScriptingClass (15ms)
	initialDomainReloadingComplete (57ms)
	LoadAllAssembliesAndSetupDomain (520ms)
		LoadAssemblies (375ms)
		RebuildTransferFunctionScriptingTraits (0ms)
		AnalyzeDomain (244ms)
			TypeCache.Refresh (215ms)
				TypeCache.ScanAssembly (199ms)
			ScanForSourceGeneratedMonoScriptInfo (21ms)
			ResolveRequiredComponents (6ms)
	FinalizeReload (683ms)
		ReleaseScriptCaches (0ms)
		RebuildScriptCaches (0ms)
		SetupLoadedEditorAssemblies (509ms)
			LogAssemblyErrors (0ms)
			InitializePlatformSupportModulesInManaged (7ms)
			SetLoadedEditorAssemblies (3ms)
			RefreshPlugins (0ms)
			BeforeProcessingInitializeOnLoad (61ms)
			ProcessInitializeOnLoadAttributes (358ms)
			ProcessInitializeOnLoadMethodAttributes (79ms)
			AfterProcessingInitializeOnLoad (2ms)
			EditorAssembliesLoaded (0ms)
		ExecutionOrderSort2 (0ms)
		AwakeInstancesAfterBackupRestoration (6ms)
Launched and connected shader compiler UnityShaderCompiler.exe after 0.10 seconds
Refreshing native plugins compatible for Editor in 168.31 ms, found 3 plugins.
Preloading 0 native plugins for Editor in 0.00 ms.
Unloading 5257 Unused Serialized files (Serialized files now loaded: 0)
Unloading 963 unused Assets / (2.6 MB). Loaded Objects now: 4797.
Memory consumption went from 191.5 MB to 189.0 MB.
Total: 4.703100 ms (FindLiveObjects: 0.416100 ms CreateObjectMapping: 0.231400 ms MarkObjects: 2.626900 ms  DeleteObjects: 1.426800 ms)

AssetImportParameters requested are different than current active one (requested -> active):
  custom:container-demuxer-ogg: 62fdf1f143b41e24485cea50d1cbac27 -> 
  custom:video-codec-MediaFoundation-h265: 746d11721c4dcdbdad8f713fa42b33f4 -> 
  custom:scripting/monoscript/fileName/CheckSFXVolume.cs: 0031632dcd762e0d5d1000ba189b345d -> eee54ca0ca6a506ae949112461467222
  custom:video-decoder-ogg-theora: a1e56fd34408186e4bbccfd4996cb3dc -> 
  custom:framework-win-MediaFoundation: 216162199b28c13a410421893ffa2e32 -> 
  custom:scripting/monoscript/fileName/ExtraLinks.cs: 3aacf089bb936eeb41d6c4944ad6b53d -> 
  custom:scripting/monoscript/fileName/ThemedUIData.cs: 4f890ea9b03dedc0c327cd74cecc037d -> 
  custom:CustomObjectIndexerAttribute: 756ad292c208cfabdd7b50bc23989ffe -> 
  custom:scripting/monoscript/fileName/CheckMusicVolume.cs: 7cd0c9f5f947d20ee9b9f68c06338612 -> 35420266a0dc9971e1d62d8f22b5825c
  custom:container-demuxer-webm: 4f35f7cbe854078d1ac9338744f61a02 -> 
  custom:scripting/monoscript/fileName/ThemedUI.cs: 2b032e5ab0a1b31148ae4fce15aa3be3 -> 
  custom:container-muxer-webm: aa71ff27fc2769a1b78a27578f13a17b -> 
  custom:video-decoder-webm-vp8: 9c59270c3fd7afecdb556c50c9e8de78 -> 
  custom:scripting/monoscript/fileName/UIMenuManager.cs: 03a514df3da008682da3f660f898a503 -> d3a34efdfcbc28c1ba27a4d292ec7869
  custom:SearchIndexIgnoredProperties: e643bd26f0fe6173181afceb89e7c659 -> 
  custom:AudioImporter_EditorPlatform: d09bf68614088b80899f8185d706f6e7 -> 
  custom:scripting/monoscript/fileName/SlimUIWindow.cs: 98218d34930a09c0ffdee48076194cfb -> 
  custom:video-encoder-webm-vp8: eb34c28f22e8b96e1ab97ce403110664 -> 
  custom:audio-decoder-ogg-vorbis: bf7c407c2cedff20999df2af8eb42d56 -> 
  custom:audio-encoder-webm-vorbis: bf7c407c2cedff20999df2af8eb42d56 -> 
  custom:scripting/monoscript/fileName/ResetDemo.cs: dcbbf29fcacd951d216c30b8221cf60c -> 
  custom:scripting/monoscript/fileName/ThemedUIElement.cs: a720a39cc31196dc6427cc937fbe4f10 -> 
========================================================================
Received Import Request.
  Time since last request: 20496.368197 seconds.
  path: Assets/Prefabs/UI/Button.prefab
  artifactKey: Guid(8c212fc26bd3d763e9526f7b7cda0d67) Importer(815301076,1909f56bfc062723c751e8b465ee728b)
Start importing Assets/Prefabs/UI/Button.prefab using Guid(8c212fc26bd3d763e9526f7b7cda0d67) Importer(815301076,1909f56bfc062723c751e8b465ee728b)  -> (artifact id: '691b8e2b597348fe3a8b82a8078a1365') in 0.085754 seconds
Number of updated asset objects reloaded before import = 0
Number of asset objects unloaded after import = 22
========================================================================
Received Import Request.
  Time since last request: 208.347476 seconds.
  path: Assets/Prefabs/Bullets/42mm.prefab
  artifactKey: Guid(d747ad8258516a2c8a8c289fa404486e) Importer(815301076,1909f56bfc062723c751e8b465ee728b)
Start importing Assets/Prefabs/Bullets/42mm.prefab using Guid(d747ad8258516a2c8a8c289fa404486e) Importer(815301076,1909f56bfc062723c751e8b465ee728b)  -> (artifact id: '743ffa59d7756f7eed10bf001ebe9ef0') in 0.156117 seconds
Number of updated asset objects reloaded before import = 0
Number of asset objects unloaded after import = 11
========================================================================
Received Import Request.
  Time since last request: 0.000035 seconds.
  path: Assets/Prefabs/Scene/GroundLight/GroundBaseLight R.prefab
  artifactKey: Guid(a50735eff8d4de060b521c36365311d7) Importer(815301076,1909f56bfc062723c751e8b465ee728b)
Start importing Assets/Prefabs/Scene/GroundLight/GroundBaseLight R.prefab using Guid(a50735eff8d4de060b521c36365311d7) Importer(815301076,1909f56bfc062723c751e8b465ee728b)  -> (artifact id: 'c541b95a3ca477cdee4070d2c92d41aa') in 0.036687 seconds
Number of updated asset objects reloaded before import = 0
Number of asset objects unloaded after import = 8
========================================================================
Received Import Request.
  Time since last request: 0.000027 seconds.
  path: Assets/Prefabs/Scene/GroundLight/Ring Highland Light.prefab
  artifactKey: Guid(f3838231e285b1287a9771facfd9290c) Importer(815301076,1909f56bfc062723c751e8b465ee728b)
Start importing Assets/Prefabs/Scene/GroundLight/Ring Highland Light.prefab using Guid(f3838231e285b1287a9771facfd9290c) Importer(815301076,1909f56bfc062723c751e8b465ee728b)  -> (artifact id: 'e167261cf2d20ea9a5e89c85f2547ac7') in 0.015771 seconds
Number of updated asset objects reloaded before import = 0
Number of asset objects unloaded after import = 8
========================================================================
Received Import Request.
  Time since last request: 0.000025 seconds.
  path: Assets/URDF/infantry_description/meshes/gimbal_odom.prefab
  artifactKey: Guid(ec718622f31f7841787d0411875335f0) Importer(815301076,1909f56bfc062723c751e8b465ee728b)
Start importing Assets/URDF/infantry_description/meshes/gimbal_odom.prefab using Guid(ec718622f31f7841787d0411875335f0) Importer(815301076,1909f56bfc062723c751e8b465ee728b)  -> (artifact id: '86ee12175d64e2e41a5d955d7ad7002b') in 0.016208 seconds
Number of updated asset objects reloaded before import = 0
Number of asset objects unloaded after import = 10
========================================================================
Received Import Request.
  Time since last request: 0.000031 seconds.
  path: Assets/Prefabs/Scene/Outpost.prefab
  artifactKey: Guid(f337124c21c033f258a47245516cd288) Importer(815301076,1909f56bfc062723c751e8b465ee728b)
Start importing Assets/Prefabs/Scene/Outpost.prefab using Guid(f337124c21c033f258a47245516cd288) Importer(815301076,1909f56bfc062723c751e8b465ee728b)  -> (artifact id: 'c4af219cc4cf5df1aaad3b9bbe3b0588') in 0.043608 seconds
Number of updated asset objects reloaded before import = 0
Number of asset objects unloaded after import = 146
========================================================================
Received Import Request.
  Time since last request: 0.000063 seconds.
  path: Assets/Prefabs/Armors/LargeArmor.prefab
  artifactKey: Guid(80c350f53c8993f4d82d0499331b651b) Importer(815301076,1909f56bfc062723c751e8b465ee728b)
Start importing Assets/Prefabs/Armors/LargeArmor.prefab using Guid(80c350f53c8993f4d82d0499331b651b) Importer(815301076,1909f56bfc062723c751e8b465ee728b)  -> (artifact id: '7036c5838c15a8f96914e418fb5c43cc') in 0.018068 seconds
Number of updated asset objects reloaded before import = 0
Number of asset objects unloaded after import = 27
========================================================================
Received Import Request.
  Time since last request: 0.000039 seconds.
  path: Assets/Prefabs/Scene/Helipad.prefab
  artifactKey: Guid(57cf3b8e98a6219eab5375e46d891d4d) Importer(815301076,1909f56bfc062723c751e8b465ee728b)
Start importing Assets/Prefabs/Scene/Helipad.prefab using Guid(57cf3b8e98a6219eab5375e46d891d4d) Importer(815301076,1909f56bfc062723c751e8b465ee728b)  -> (artifact id: 'de2dc5afe89e746361a2200ea8e2923f') in 0.026660 seconds
Number of updated asset objects reloaded before import = 0
Number of asset objects unloaded after import = 19
========================================================================
Received Import Request.
  Time since last request: 0.000028 seconds.
  path: Assets/Prefabs/Scene/GroundLight/GroundOutpostLight R.prefab
  artifactKey: Guid(9bb9cc05d3f315218b5db87b97b72b97) Importer(815301076,1909f56bfc062723c751e8b465ee728b)
Start importing Assets/Prefabs/Scene/GroundLight/GroundOutpostLight R.prefab using Guid(9bb9cc05d3f315218b5db87b97b72b97) Importer(815301076,1909f56bfc062723c751e8b465ee728b)  -> (artifact id: 'b0b03fa28c4dcb59206cd7b35851051d') in 0.016629 seconds
Number of updated asset objects reloaded before import = 0
Number of asset objects unloaded after import = 8
========================================================================
Received Import Request.
  Time since last request: 0.000035 seconds.
  path: Assets/Prefabs/Ores/GoldOre Variant.prefab
  artifactKey: Guid(c6684d4fc15b2bb45a7b15aa669e0e5e) Importer(815301076,1909f56bfc062723c751e8b465ee728b)
Start importing Assets/Prefabs/Ores/GoldOre Variant.prefab using Guid(c6684d4fc15b2bb45a7b15aa669e0e5e) Importer(815301076,1909f56bfc062723c751e8b465ee728b)  -> (artifact id: 'c7c03f6c3ff0668768c9ba013b934130') in 0.017314 seconds
Number of updated asset objects reloaded before import = 0
Number of asset objects unloaded after import = 17
========================================================================
Received Import Request.
  Time since last request: 0.000029 seconds.
  path: Assets/Prefabs/Scene/GroundLight/GroundHighlandLight R.prefab
  artifactKey: Guid(6e9a325d5af85594e80caeb2582793fe) Importer(815301076,1909f56bfc062723c751e8b465ee728b)
Start importing Assets/Prefabs/Scene/GroundLight/GroundHighlandLight R.prefab using Guid(6e9a325d5af85594e80caeb2582793fe) Importer(815301076,1909f56bfc062723c751e8b465ee728b)  -> (artifact id: '8fae8c7617df3a1ca15b4ce712f78649') in 0.016373 seconds
Number of updated asset objects reloaded before import = 0
Number of asset objects unloaded after import = 8
========================================================================
Received Import Request.
  Time since last request: 0.000026 seconds.
  path: Assets/Prefabs/Armors/fanRed.prefab
  artifactKey: Guid(ff4df8448f2d68283aeadad2447ace85) Importer(815301076,1909f56bfc062723c751e8b465ee728b)
Start importing Assets/Prefabs/Armors/fanRed.prefab using Guid(ff4df8448f2d68283aeadad2447ace85) Importer(815301076,1909f56bfc062723c751e8b465ee728b)  -> (artifact id: 'f0231dcead962f7f746498da0ddbc10b') in 0.387841 seconds
Number of updated asset objects reloaded before import = 0
Number of asset objects unloaded after import = 508
========================================================================
Received Import Request.
  Time since last request: 0.000065 seconds.
  path: Assets/URDF/infantry_description/meshes/pitch_link.prefab
  artifactKey: Guid(195dbec06a450d3a6950ae05821a4668) Importer(815301076,1909f56bfc062723c751e8b465ee728b)
Start importing Assets/URDF/infantry_description/meshes/pitch_link.prefab using Guid(195dbec06a450d3a6950ae05821a4668) Importer(815301076,1909f56bfc062723c751e8b465ee728b)  -> (artifact id: 'a63e413d863f02dedbf6c54fc3ac5c61') in 0.382350 seconds
Number of updated asset objects reloaded before import = 0
Number of asset objects unloaded after import = 85
Editor requested this worker to shutdown with reason: Scaling down because of idle timeout
TcpMessagingSession - receive error: operation aborted. errorcode: 995, details: 由于线程退出或应用程序请求，已中止 I/O 操作。
AssetImportWorker is now disconnected from the server
Process exiting
Exiting without the bug reporter. Application will terminate with return code 0